<?xml version="1.0" encoding="UTF-8"?>
<testng-results skipped="0" failed="2" total="9" passed="7">
  <reporter-output>
  </reporter-output>
  <suite name="Default suite" duration-ms="38205" started-at="2021-12-17T06:07:11Z" finished-at="2021-12-17T06:07:49Z">
    <groups>
    </groups>
    <test name="Default test" duration-ms="38205" started-at="2021-12-17T06:07:11Z" finished-at="2021-12-17T06:07:49Z">
      <class name="com.testcases.validation">
        <test-method status="PASS" signature="setUp()[pri:0, instance:com.testcases.validation@33f88ab]" name="setUp" is-config="true" duration-ms="3433" started-at="2021-12-17T11:37:39Z" finished-at="2021-12-17T11:37:42Z">
          <reporter-output>
          </reporter-output>
        </test-method> <!-- setUp -->
        <test-method status="PASS" signature="NevigationToHomePage()[pri:0, instance:com.testcases.validation@33f88ab]" name="NevigationToHomePage" duration-ms="4617" started-at="2021-12-17T11:37:42Z" finished-at="2021-12-17T11:37:47Z">
          <reporter-output>
          </reporter-output>
        </test-method> <!-- NevigationToHomePage -->
        <test-method status="PASS" signature="tearDownextent(org.testng.ITestResult)[pri:0, instance:com.testcases.validation@33f88ab]" name="tearDownextent" is-config="true" duration-ms="1" started-at="2021-12-17T11:37:47Z" finished-at="2021-12-17T11:37:47Z">
          <params>
            <param index="0">
              <value>
                <![CDATA[[TestResult name=NevigationToHomePage status=SUCCESS method=validation.NevigationToHomePage()[pri:0, instance:com.testcases.validation@33f88ab] output={null}]]]>
              </value>
            </param>
          </params>
          <reporter-output>
          </reporter-output>
        </test-method> <!-- tearDownextent -->
        <test-method status="PASS" signature="validationError()[pri:0, instance:com.testcases.validation@33f88ab]" name="validationError" duration-ms="1533" started-at="2021-12-17T11:37:47Z" finished-at="2021-12-17T11:37:48Z">
          <reporter-output>
          </reporter-output>
        </test-method> <!-- validationError -->
        <test-method status="PASS" signature="tearDownextent(org.testng.ITestResult)[pri:0, instance:com.testcases.validation@33f88ab]" name="tearDownextent" is-config="true" duration-ms="0" started-at="2021-12-17T11:37:48Z" finished-at="2021-12-17T11:37:48Z">
          <params>
            <param index="0">
              <value>
                <![CDATA[[TestResult name=validationError status=SUCCESS method=validation.validationError()[pri:0, instance:com.testcases.validation@33f88ab] output={null}]]]>
              </value>
            </param>
          </params>
          <reporter-output>
          </reporter-output>
        </test-method> <!-- tearDownextent -->
        <test-method status="PASS" signature="tearDown()[pri:0, instance:com.testcases.validation@33f88ab]" name="tearDown" is-config="true" duration-ms="1071" started-at="2021-12-17T11:37:48Z" finished-at="2021-12-17T11:37:49Z">
          <reporter-output>
          </reporter-output>
        </test-method> <!-- tearDown -->
      </class> <!-- com.testcases.validation -->
      <class name="com.testcases.LoginTest">
        <test-method status="PASS" signature="generateReport()[pri:0, instance:com.testcases.LoginTest@394e1a0f]" name="generateReport" is-config="true" duration-ms="158" started-at="2021-12-17T11:37:11Z" finished-at="2021-12-17T11:37:11Z">
          <reporter-output>
          </reporter-output>
        </test-method> <!-- generateReport -->
        <test-method status="PASS" signature="setUp()[pri:0, instance:com.testcases.LoginTest@394e1a0f]" name="setUp" is-config="true" duration-ms="3151" started-at="2021-12-17T11:37:33Z" finished-at="2021-12-17T11:37:36Z">
          <reporter-output>
          </reporter-output>
        </test-method> <!-- setUp -->
        <test-method status="PASS" signature="ApplicationHomePage()[pri:0, instance:com.testcases.LoginTest@394e1a0f]" name="ApplicationHomePage" duration-ms="111" started-at="2021-12-17T11:37:36Z" finished-at="2021-12-17T11:37:36Z">
          <reporter-output>
          </reporter-output>
        </test-method> <!-- ApplicationHomePage -->
        <test-method status="PASS" signature="tearDownextent(org.testng.ITestResult)[pri:0, instance:com.testcases.LoginTest@394e1a0f]" name="tearDownextent" is-config="true" duration-ms="0" started-at="2021-12-17T11:37:36Z" finished-at="2021-12-17T11:37:36Z">
          <params>
            <param index="0">
              <value>
                <![CDATA[[TestResult name=ApplicationHomePage status=SUCCESS method=LoginTest.ApplicationHomePage()[pri:0, instance:com.testcases.LoginTest@394e1a0f] output={null}]]]>
              </value>
            </param>
          </params>
          <reporter-output>
          </reporter-output>
        </test-method> <!-- tearDownextent -->
        <test-method status="PASS" signature="LoginApplication()[pri:0, instance:com.testcases.LoginTest@394e1a0f]" name="LoginApplication" duration-ms="1132" started-at="2021-12-17T11:37:36Z" finished-at="2021-12-17T11:37:37Z">
          <reporter-output>
          </reporter-output>
        </test-method> <!-- LoginApplication -->
        <test-method status="PASS" signature="tearDownextent(org.testng.ITestResult)[pri:0, instance:com.testcases.LoginTest@394e1a0f]" name="tearDownextent" is-config="true" duration-ms="1" started-at="2021-12-17T11:37:37Z" finished-at="2021-12-17T11:37:37Z">
          <params>
            <param index="0">
              <value>
                <![CDATA[[TestResult name=LoginApplication status=SUCCESS method=LoginTest.LoginApplication()[pri:0, instance:com.testcases.LoginTest@394e1a0f] output={null}]]]>
              </value>
            </param>
          </params>
          <reporter-output>
          </reporter-output>
        </test-method> <!-- tearDownextent -->
        <test-method status="FAIL" signature="ValidationIncorrect_Email()[pri:0, instance:com.testcases.LoginTest@394e1a0f]" name="ValidationIncorrect_Email" duration-ms="0" started-at="2021-12-17T11:37:37Z" finished-at="2021-12-17T11:37:37Z">
          <exception class="java.lang.NullPointerException">
            <full-stacktrace>
              <![CDATA[java.lang.NullPointerException
	at org.openqa.selenium.support.pagefactory.DefaultElementLocator.findElement(DefaultElementLocator.java:69)
	at org.openqa.selenium.support.pagefactory.internal.LocatingElementHandler.invoke(LocatingElementHandler.java:38)
	at com.sun.proxy.$Proxy12.click(Unknown Source)
	at com.pages.LoginPage.loginToOpencart(LoginPage.java:37)
	at com.testcases.LoginTest.ValidationIncorrect_Email(LoginTest.java:41)
	at sun.reflect.NativeMethodAccessorImpl.invoke0(Native Method)
	at sun.reflect.NativeMethodAccessorImpl.invoke(Unknown Source)
	at sun.reflect.DelegatingMethodAccessorImpl.invoke(Unknown Source)
	at java.lang.reflect.Method.invoke(Unknown Source)
	at org.testng.internal.MethodInvocationHelper.invokeMethod(MethodInvocationHelper.java:84)
	at org.testng.internal.Invoker.invokeMethod(Invoker.java:714)
	at org.testng.internal.Invoker.invokeTestMethod(Invoker.java:901)
	at org.testng.internal.Invoker.invokeTestMethods(Invoker.java:1231)
	at org.testng.internal.TestMethodWorker.invokeTestMethods(TestMethodWorker.java:127)
	at org.testng.internal.TestMethodWorker.run(TestMethodWorker.java:111)
	at org.testng.TestRunner.privateRun(TestRunner.java:767)
	at org.testng.TestRunner.run(TestRunner.java:617)
	at org.testng.SuiteRunner.runTest(SuiteRunner.java:334)
	at org.testng.SuiteRunner.runSequentially(SuiteRunner.java:329)
	at org.testng.SuiteRunner.privateRun(SuiteRunner.java:291)
	at org.testng.SuiteRunner.run(SuiteRunner.java:240)
	at org.testng.SuiteRunnerWorker.runSuite(SuiteRunnerWorker.java:52)
	at org.testng.SuiteRunnerWorker.run(SuiteRunnerWorker.java:86)
	at org.testng.TestNG.runSuitesSequentially(TestNG.java:1224)
	at org.testng.TestNG.runSuitesLocally(TestNG.java:1149)
	at org.testng.TestNG.run(TestNG.java:1057)
	at org.testng.remote.AbstractRemoteTestNG.run(AbstractRemoteTestNG.java:132)
	at org.testng.remote.RemoteTestNG.initAndRun(RemoteTestNG.java:230)
	at org.testng.remote.RemoteTestNG.main(RemoteTestNG.java:76)
]]>
            </full-stacktrace>
          </exception> <!-- java.lang.NullPointerException -->
          <reporter-output>
          </reporter-output>
        </test-method> <!-- ValidationIncorrect_Email -->
        <test-method status="PASS" signature="tearDownextent(org.testng.ITestResult)[pri:0, instance:com.testcases.LoginTest@394e1a0f]" name="tearDownextent" is-config="true" duration-ms="164" started-at="2021-12-17T11:37:37Z" finished-at="2021-12-17T11:37:38Z">
          <params>
            <param index="0">
              <value>
                <![CDATA[[TestResult name=ValidationIncorrect_Email status=FAILURE method=LoginTest.ValidationIncorrect_Email()[pri:0, instance:com.testcases.LoginTest@394e1a0f] output={null}]]]>
              </value>
            </param>
          </params>
          <reporter-output>
          </reporter-output>
        </test-method> <!-- tearDownextent -->
        <test-method status="FAIL" signature="Validation_Blankspace()[pri:0, instance:com.testcases.LoginTest@394e1a0f]" name="Validation_Blankspace" duration-ms="0" started-at="2021-12-17T11:37:38Z" finished-at="2021-12-17T11:37:38Z">
          <exception class="java.lang.NullPointerException">
            <full-stacktrace>
              <![CDATA[java.lang.NullPointerException
	at org.openqa.selenium.support.pagefactory.DefaultElementLocator.findElement(DefaultElementLocator.java:69)
	at org.openqa.selenium.support.pagefactory.internal.LocatingElementHandler.invoke(LocatingElementHandler.java:38)
	at com.sun.proxy.$Proxy12.click(Unknown Source)
	at com.pages.LoginPage.loginToOpencart(LoginPage.java:37)
	at com.testcases.LoginTest.Validation_Blankspace(LoginTest.java:50)
	at sun.reflect.NativeMethodAccessorImpl.invoke0(Native Method)
	at sun.reflect.NativeMethodAccessorImpl.invoke(Unknown Source)
	at sun.reflect.DelegatingMethodAccessorImpl.invoke(Unknown Source)
	at java.lang.reflect.Method.invoke(Unknown Source)
	at org.testng.internal.MethodInvocationHelper.invokeMethod(MethodInvocationHelper.java:84)
	at org.testng.internal.Invoker.invokeMethod(Invoker.java:714)
	at org.testng.internal.Invoker.invokeTestMethod(Invoker.java:901)
	at org.testng.internal.Invoker.invokeTestMethods(Invoker.java:1231)
	at org.testng.internal.TestMethodWorker.invokeTestMethods(TestMethodWorker.java:127)
	at org.testng.internal.TestMethodWorker.run(TestMethodWorker.java:111)
	at org.testng.TestRunner.privateRun(TestRunner.java:767)
	at org.testng.TestRunner.run(TestRunner.java:617)
	at org.testng.SuiteRunner.runTest(SuiteRunner.java:334)
	at org.testng.SuiteRunner.runSequentially(SuiteRunner.java:329)
	at org.testng.SuiteRunner.privateRun(SuiteRunner.java:291)
	at org.testng.SuiteRunner.run(SuiteRunner.java:240)
	at org.testng.SuiteRunnerWorker.runSuite(SuiteRunnerWorker.java:52)
	at org.testng.SuiteRunnerWorker.run(SuiteRunnerWorker.java:86)
	at org.testng.TestNG.runSuitesSequentially(TestNG.java:1224)
	at org.testng.TestNG.runSuitesLocally(TestNG.java:1149)
	at org.testng.TestNG.run(TestNG.java:1057)
	at org.testng.remote.AbstractRemoteTestNG.run(AbstractRemoteTestNG.java:132)
	at org.testng.remote.RemoteTestNG.initAndRun(RemoteTestNG.java:230)
	at org.testng.remote.RemoteTestNG.main(RemoteTestNG.java:76)
]]>
            </full-stacktrace>
          </exception> <!-- java.lang.NullPointerException -->
          <reporter-output>
          </reporter-output>
        </test-method> <!-- Validation_Blankspace -->
        <test-method status="PASS" signature="tearDownextent(org.testng.ITestResult)[pri:0, instance:com.testcases.LoginTest@394e1a0f]" name="tearDownextent" is-config="true" duration-ms="147" started-at="2021-12-17T11:37:38Z" finished-at="2021-12-17T11:37:38Z">
          <params>
            <param index="0">
              <value>
                <![CDATA[[TestResult name=Validation_Blankspace status=FAILURE method=LoginTest.Validation_Blankspace()[pri:0, instance:com.testcases.LoginTest@394e1a0f] output={null}]]]>
              </value>
            </param>
          </params>
          <reporter-output>
          </reporter-output>
        </test-method> <!-- tearDownextent -->
        <test-method status="PASS" signature="tearDown()[pri:0, instance:com.testcases.LoginTest@394e1a0f]" name="tearDown" is-config="true" duration-ms="925" started-at="2021-12-17T11:37:38Z" finished-at="2021-12-17T11:37:39Z">
          <reporter-output>
          </reporter-output>
        </test-method> <!-- tearDown -->
        <test-method status="PASS" signature="tearDownextent()[pri:0, instance:com.testcases.LoginTest@394e1a0f]" name="tearDownextent" is-config="true" duration-ms="272" started-at="2021-12-17T11:37:49Z" finished-at="2021-12-17T11:37:50Z">
          <reporter-output>
          </reporter-output>
        </test-method> <!-- tearDownextent -->
      </class> <!-- com.testcases.LoginTest -->
      <class name="com.testcases.checkout">
        <test-method status="PASS" signature="setUp()[pri:0, instance:com.testcases.checkout@2833cc44]" name="setUp" is-config="true" duration-ms="5159" started-at="2021-12-17T11:37:11Z" finished-at="2021-12-17T11:37:16Z">
          <reporter-output>
          </reporter-output>
        </test-method> <!-- setUp -->
        <test-method status="PASS" signature="CheckoutToOpenCart()[pri:0, instance:com.testcases.checkout@2833cc44]" name="CheckoutToOpenCart" duration-ms="6031" started-at="2021-12-17T11:37:16Z" finished-at="2021-12-17T11:37:22Z">
          <reporter-output>
          </reporter-output>
        </test-method> <!-- CheckoutToOpenCart -->
        <test-method status="PASS" signature="tearDownextent(org.testng.ITestResult)[pri:0, instance:com.testcases.checkout@2833cc44]" name="tearDownextent" is-config="true" duration-ms="6" started-at="2021-12-17T11:37:22Z" finished-at="2021-12-17T11:37:22Z">
          <params>
            <param index="0">
              <value>
                <![CDATA[[TestResult name=CheckoutToOpenCart status=SUCCESS method=checkout.CheckoutToOpenCart()[pri:0, instance:com.testcases.checkout@2833cc44] output={null}]]]>
              </value>
            </param>
          </params>
          <reporter-output>
          </reporter-output>
        </test-method> <!-- tearDownextent -->
        <test-method status="PASS" signature="EditDetails()[pri:0, instance:com.testcases.checkout@2833cc44]" name="EditDetails" duration-ms="1789" started-at="2021-12-17T11:37:22Z" finished-at="2021-12-17T11:37:24Z">
          <reporter-output>
          </reporter-output>
        </test-method> <!-- EditDetails -->
        <test-method status="PASS" signature="tearDownextent(org.testng.ITestResult)[pri:0, instance:com.testcases.checkout@2833cc44]" name="tearDownextent" is-config="true" duration-ms="1" started-at="2021-12-17T11:37:24Z" finished-at="2021-12-17T11:37:24Z">
          <params>
            <param index="0">
              <value>
                <![CDATA[[TestResult name=EditDetails status=SUCCESS method=checkout.EditDetails()[pri:0, instance:com.testcases.checkout@2833cc44] output={null}]]]>
              </value>
            </param>
          </params>
          <reporter-output>
          </reporter-output>
        </test-method> <!-- tearDownextent -->
        <test-method status="PASS" signature="tearDown()[pri:0, instance:com.testcases.checkout@2833cc44]" name="tearDown" is-config="true" duration-ms="995" started-at="2021-12-17T11:37:24Z" finished-at="2021-12-17T11:37:25Z">
          <reporter-output>
          </reporter-output>
        </test-method> <!-- tearDown -->
      </class> <!-- com.testcases.checkout -->
      <class name="com.testcases.RegisterTest">
        <test-method status="PASS" signature="setUp()[pri:0, instance:com.testcases.RegisterTest@4d41cee]" name="setUp" is-config="true" duration-ms="3145" started-at="2021-12-17T11:37:25Z" finished-at="2021-12-17T11:37:28Z">
          <reporter-output>
          </reporter-output>
        </test-method> <!-- setUp -->
        <test-method status="PASS" signature="RegisterAppliction()[pri:0, instance:com.testcases.RegisterTest@4d41cee]" name="RegisterAppliction" duration-ms="3852" started-at="2021-12-17T11:37:28Z" finished-at="2021-12-17T11:37:32Z">
          <reporter-output>
          </reporter-output>
        </test-method> <!-- RegisterAppliction -->
        <test-method status="PASS" signature="tearDownextent(org.testng.ITestResult)[pri:0, instance:com.testcases.RegisterTest@4d41cee]" name="tearDownextent" is-config="true" duration-ms="0" started-at="2021-12-17T11:37:32Z" finished-at="2021-12-17T11:37:32Z">
          <params>
            <param index="0">
              <value>
                <![CDATA[[TestResult name=RegisterAppliction status=SUCCESS method=RegisterTest.RegisterAppliction()[pri:0, instance:com.testcases.RegisterTest@4d41cee] output={null}]]]>
              </value>
            </param>
          </params>
          <reporter-output>
          </reporter-output>
        </test-method> <!-- tearDownextent -->
        <test-method status="PASS" signature="tearDown()[pri:0, instance:com.testcases.RegisterTest@4d41cee]" name="tearDown" is-config="true" duration-ms="923" started-at="2021-12-17T11:37:32Z" finished-at="2021-12-17T11:37:33Z">
          <reporter-output>
          </reporter-output>
        </test-method> <!-- tearDown -->
      </class> <!-- com.testcases.RegisterTest -->
    </test> <!-- Default test -->
  </suite> <!-- Default suite -->
</testng-results>
